# JRE version: Java(TM) SE Runtime Environment (22.0.2+9) (build 22.0.2+9-70)
# Java VM: Java HotSpot(TM) 64-Bit Server VM (22.0.2+9-70, mixed mode, sharing, tiered, compressed oops, compressed class ptrs, g1 gc, windows-amd64)
GC Precious Log:
 CardTable entry size: 512
 Card Set container configuration: InlinePtr #cards 5 size 8 Array Of Cards #cards 12 size 40 Howl #buckets 4 coarsen threshold 1843 Howl Bitmap #cards 512 size 80 coarsen threshold 460 Card regions per heap region 1 cards per card region 2048
 CPUs: 8 total, 8 available
 Memory: 6016M
 Large Page Support: Disabled
 NUMA Support: Disabled
 Compressed Oops: Enabled (32-bit)
 Heap Region Size: 1M
 Heap Min Capacity: 8M
 Heap Initial Capacity: 96M
 Heap Max Capacity: 1506M
 Pre-touch: Disabled
 Parallel Workers: 8
 Concurrent Workers: 2
 Concurrent Refinement Workers: 8
 Periodic GC: Disabled
Heap:
 garbage-first heap   total reserved 1542144K, committed 66560K, used 43603K [0x00000000a1e00000, 0x0000000100000000)
  region size 1024K, 9 young (9216K), 2 survivors (2048K)
 Metaspace       used 80926K, committed 81920K, reserved 1179648K
  class space    used 11238K, committed 11648K, reserved 1048576K
GC Heap History (20 events):
Event: 127.113 GC heap before
{Heap before GC invocations=22 (full 0):
 garbage-first heap   total reserved 1542144K, committed 61440K, used 50293K [0x00000000a1e00000, 0x0000000100000000)
  region size 1024K, 16 young (16384K), 2 survivors (2048K)
 Metaspace       used 75377K, committed 76096K, reserved 1114112K
  class space    used 10531K, committed 10816K, reserved 1048576K
}
Event: 127.223 GC heap after
{Heap after GC invocations=23 (full 0):
 garbage-first heap   total reserved 1542144K, committed 61440K, used 36765K [0x00000000a1e00000, 0x0000000100000000)
  region size 1024K, 1 young (1024K), 1 survivors (1024K)
 Metaspace       used 75377K, committed 76096K, reserved 1114112K
  class space    used 10531K, committed 10816K, reserved 1048576K
}
Event: 248.022 GC heap before
{Heap before GC invocations=23 (full 0):
 garbage-first heap   total reserved 1542144K, committed 61440K, used 54173K [0x00000000a1e00000, 0x0000000100000000)
  region size 1024K, 19 young (19456K), 1 survivors (1024K)
 Metaspace       used 77650K, committed 78400K, reserved 1179648K
  class space    used 10845K, committed 11200K, reserved 1048576K
}
Event: 248.068 GC heap after
{Heap after GC invocations=24 (full 0):
 garbage-first heap   total reserved 1542144K, committed 61440K, used 37259K [0x00000000a1e00000, 0x0000000100000000)
  region size 1024K, 2 young (2048K), 2 survivors (2048K)
 Metaspace       used 77650K, committed 78400K, reserved 1179648K
  class space    used 10845K, committed 11200K, reserved 1048576K
}
Event: 294.911 GC heap before
{Heap before GC invocations=24 (full 0):
 garbage-first heap   total reserved 1542144K, committed 61440K, used 53643K [0x00000000a1e00000, 0x0000000100000000)
  region size 1024K, 19 young (19456K), 2 survivors (2048K)
 Metaspace       used 80898K, committed 81664K, reserved 1179648K
  class space    used 11289K, committed 11648K, reserved 1048576K
}
Event: 294.937 GC heap after
{Heap after GC invocations=25 (full 0):
 garbage-first heap   total reserved 1542144K, committed 61440K, used 38083K [0x00000000a1e00000, 0x0000000100000000)
  region size 1024K, 3 young (3072K), 3 survivors (3072K)
 Metaspace       used 80898K, committed 81664K, reserved 1179648K
  class space    used 11289K, committed 11648K, reserved 1048576K
}
Event: 438.253 GC heap before
{Heap before GC invocations=26 (full 0):
 garbage-first heap   total reserved 1542144K, committed 66560K, used 52419K [0x00000000a1e00000, 0x0000000100000000)
  region size 1024K, 17 young (17408K), 3 survivors (3072K)
 Metaspace       used 80956K, committed 81728K, reserved 1179648K
  class space    used 11299K, committed 11648K, reserved 1048576K
}
Event: 438.266 GC heap after
{Heap after GC invocations=27 (full 0):
 garbage-first heap   total reserved 1542144K, committed 66560K, used 38175K [0x00000000a1e00000, 0x0000000100000000)
  region size 1024K, 2 young (2048K), 2 survivors (2048K)
 Metaspace       used 80956K, committed 81728K, reserved 1179648K
  class space    used 11299K, committed 11648K, reserved 1048576K
}
Event: 656.621 GC heap before
{Heap before GC invocations=27 (full 0):
 garbage-first heap   total reserved 1542144K, committed 66560K, used 59679K [0x00000000a1e00000, 0x0000000100000000)
  region size 1024K, 23 young (23552K), 2 survivors (2048K)
 Metaspace       used 80990K, committed 81792K, reserved 1179648K
  class space    used 11300K, committed 11648K, reserved 1048576K
}
Event: 656.680 GC heap after
{Heap after GC invocations=28 (full 0):
 garbage-first heap   total reserved 1542144K, committed 66560K, used 37781K [0x00000000a1e00000, 0x0000000100000000)
  region size 1024K, 2 young (2048K), 2 survivors (2048K)
 Metaspace       used 80990K, committed 81792K, reserved 1179648K
  class space    used 11300K, committed 11648K, reserved 1048576K
}
Event: 877.252 GC heap before
{Heap before GC invocations=28 (full 0):
 garbage-first heap   total reserved 1542144K, committed 66560K, used 59285K [0x00000000a1e00000, 0x0000000100000000)
  region size 1024K, 23 young (23552K), 2 survivors (2048K)
 Metaspace       used 80999K, committed 81792K, reserved 1179648K
  class space    used 11300K, committed 11648K, reserved 1048576K
}
Event: 877.268 GC heap after
{Heap after GC invocations=29 (full 0):
 garbage-first heap   total reserved 1542144K, committed 66560K, used 37799K [0x00000000a1e00000, 0x0000000100000000)
  region size 1024K, 2 young (2048K), 2 survivors (2048K)
 Metaspace       used 80999K, committed 81792K, reserved 1179648K
  class space    used 11300K, committed 11648K, reserved 1048576K
}
Event: 1095.425 GC heap before
{Heap before GC invocations=30 (full 0):
 garbage-first heap   total reserved 1542144K, committed 66560K, used 59303K [0x00000000a1e00000, 0x0000000100000000)
  region size 1024K, 23 young (23552K), 2 survivors (2048K)
 Metaspace       used 81009K, committed 81792K, reserved 1179648K
  class space    used 11300K, committed 11648K, reserved 1048576K
}
Event: 1095.440 GC heap after
{Heap after GC invocations=31 (full 0):
 garbage-first heap   total reserved 1542144K, committed 66560K, used 37826K [0x00000000a1e00000, 0x0000000100000000)
  region size 1024K, 2 young (2048K), 2 survivors (2048K)
 Metaspace       used 81009K, committed 81792K, reserved 1179648K
  class space    used 11300K, committed 11648K, reserved 1048576K
}
Event: 1315.182 GC heap before
{Heap before GC invocations=31 (full 0):
 garbage-first heap   total reserved 1542144K, committed 66560K, used 59330K [0x00000000a1e00000, 0x0000000100000000)
  region size 1024K, 23 young (23552K), 2 survivors (2048K)
 Metaspace       used 81017K, committed 81792K, reserved 1179648K
  class space    used 11300K, committed 11648K, reserved 1048576K
}
Event: 1315.213 GC heap after
{Heap after GC invocations=32 (full 0):
 garbage-first heap   total reserved 1542144K, committed 66560K, used 37473K [0x00000000a1e00000, 0x0000000100000000)
  region size 1024K, 2 young (2048K), 2 survivors (2048K)
 Metaspace       used 81017K, committed 81792K, reserved 1179648K
  class space    used 11300K, committed 11648K, reserved 1048576K
}
Event: 1533.716 GC heap before
{Heap before GC invocations=32 (full 0):
 garbage-first heap   total reserved 1542144K, committed 66560K, used 58977K [0x00000000a1e00000, 0x0000000100000000)
  region size 1024K, 23 young (23552K), 2 survivors (2048K)
 Metaspace       used 81017K, committed 81792K, reserved 1179648K
  class space    used 11300K, committed 11648K, reserved 1048576K
}
Event: 1533.753 GC heap after
{Heap after GC invocations=33 (full 0):
 garbage-first heap   total reserved 1542144K, committed 66560K, used 37431K [0x00000000a1e00000, 0x0000000100000000)
  region size 1024K, 2 young (2048K), 2 survivors (2048K)
 Metaspace       used 81017K, committed 81792K, reserved 1179648K
  class space    used 11300K, committed 11648K, reserved 1048576K
}
Event: 1756.716 GC heap before
{Heap before GC invocations=34 (full 0):
 garbage-first heap   total reserved 1542144K, committed 66560K, used 58935K [0x00000000a1e00000, 0x0000000100000000)
  region size 1024K, 23 young (23552K), 2 survivors (2048K)
 Metaspace       used 80731K, committed 81792K, reserved 1179648K
  class space    used 11220K, committed 11648K, reserved 1048576K
}
Event: 1757.063 GC heap after
{Heap after GC invocations=35 (full 0):
 garbage-first heap   total reserved 1542144K, committed 66560K, used 37459K [0x00000000a1e00000, 0x0000000100000000)
  region size 1024K, 2 young (2048K), 2 survivors (2048K)
 Metaspace       used 80731K, committed 81792K, reserved 1179648K
  class space    used 11220K, committed 11648K, reserved 1048576K
}

